[02:13:23] [ServerMain/INFO]: [bootstrap] Running Java 21 (OpenJDK 64-Bit Server VM 21.0.7+6-Ubuntu-0ubuntu120.04; Ubuntu null) on Linux 6.8.0-1027-azure (amd64)
[02:13:23] [ServerMain/INFO]: [bootstrap] Loading Paper 1.21.1-57-master@b483da4 (2024-09-01T18:09:05Z) for Minecraft 1.21.1
[02:13:23] [ServerMain/INFO]: [PluginInitializerManager] Initializing plugins...
[02:13:23] [ServerMain/INFO]: [PluginInitializerManager] Initialized 0 plugins
[02:13:29] [ServerMain/INFO]: Environment: Environment[sessionHost=https://sessionserver.mojang.com, servicesHost=https://api.minecraftservices.com, name=PROD]
[02:13:31] [Worker-Main-1/WARN]: Found loot table element validation problem in {minecraft:loot_table/minecraft:gameplay/piglin_bartering}.pools[0].entries[18].condition[0]: Parameters [<parameter minecraft:origin>] are not provided in this context
[02:13:33] [ServerMain/INFO]: Loaded 1249 recipes
[02:13:33] [ServerMain/INFO]: Loaded 1594 advancements
[02:13:33] [Server thread/INFO]: Starting minecraft server version 1.21.1
[02:13:33] [Server thread/INFO]: Loading properties
[02:13:33] [Server thread/INFO]: This server is running Paper version 1.21.1-57-master@b483da4 (2024-09-01T18:09:05Z) (Implementing API version 1.21.1-R0.1-SNAPSHOT)
[02:13:34] [Server thread/INFO]: [spark] This server bundles the spark profiler. For more information please visit https://docs.papermc.io/paper/profiling
[02:13:34] [Server thread/INFO]: Server Ping Player Sample Count: 12
[02:13:34] [Server thread/INFO]: Using 4 threads for Netty based IO
[02:13:35] [Server thread/INFO]: [ChunkTaskScheduler] Chunk system is using 1 I/O threads, 1 worker threads, and population gen parallelism of 1 threads
[02:13:35] [Server thread/INFO]: Default game type: SURVIVAL
[02:13:35] [Server thread/INFO]: Generating keypair
[02:13:36] [Server thread/INFO]: Starting Minecraft server on *:25565
[02:13:36] [Server thread/INFO]: Using epoll channel type
[02:13:36] [Server thread/INFO]: Paper: Using libdeflate (Linux x86_64) compression from Velocity.
[02:13:36] [Server thread/INFO]: Paper: Using OpenSSL 1.1.x (Linux x86_64) cipher from Velocity.
[02:13:36] [Server thread/INFO]: Server permissions file permissions.yml is empty, ignoring it
[02:13:36] [Server thread/WARN]: **** SERVER IS RUNNING IN OFFLINE/INSECURE MODE!
[02:13:36] [Server thread/WARN]: The server will make no attempt to authenticate usernames. Beware.
[02:13:36] [Server thread/WARN]: While this makes the game possible to play without internet access, it also opens up the ability for hackers to connect with any username they choose.
[02:13:36] [Server thread/WARN]: To change this, set "online-mode" to "true" in the server.properties file.
[02:13:36] [Server thread/INFO]: Preparing level "world"
[02:13:36] [Server thread/INFO]: Preparing start region for dimension minecraft:overworld
[02:13:39] [Server thread/INFO]: Time elapsed: 2652 ms
[02:13:39] [Server thread/INFO]: Preparing start region for dimension minecraft:the_nether
[02:13:40] [Server thread/INFO]: Time elapsed: 948 ms
[02:13:40] [Server thread/INFO]: Preparing start region for dimension minecraft:the_end
[02:13:40] [Server thread/INFO]: Time elapsed: 237 ms
[02:13:40] [Server thread/INFO]: Preparing start region for dimension roguecraft:infinite_garden
[02:13:40] [Server thread/INFO]: Time elapsed: 235 ms
[02:13:40] [Server thread/INFO]: [spark] Starting background profiler...
[02:13:41] [Server thread/INFO]: Done preparing level "world" (5.097s)
[02:13:41] [Server thread/INFO]: Running delayed init tasks
[02:13:41] [Server thread/INFO]: Done (19.465s)! For help, type "help"
[02:13:41] [Server thread/INFO]: Timings Reset
[02:13:42] [User Authenticator #0/INFO]: UUID of player Salchipoio is 4fab9cda-6b46-3e5a-a85c-af2702f9c51a
[02:13:44] [User Authenticator #0/INFO]: UUID of player coca_cola_humana is c43b4714-399b-3d80-b414-86069c3bdb48
[02:13:45] [Server thread/INFO]:  Salchipoio joined the game
[02:13:45] [Server thread/INFO]: Salchipoio[/127.192.2.104:52395] logged in with entity id 532 at ([world]200163.5357163972, -16.0, -199499.96792276096)
[02:13:46] [Server thread/WARN]: [ca.spottedleaf.moonrise.patches.chunk_system.level.entity.EntityLookup] Entity uuid already exists: 494de9a6-1d4d-4dcd-aa25-12bce8685245, mapped to Spider['Spider'/556, uuid='494de9a6-1d4d-4dcd-aa25-12bce8685245', l='ServerLevel[world]', x=200183.45, y=-9.75, z=-199517.99, cpos=[12511, -12470], tl=829, v=true], can't add Spider['Spider'/574, uuid='494de9a6-1d4d-4dcd-aa25-12bce8685245', l='ServerLevel[world]', x=200187.50, y=-11.00, z=-199521.50, cpos=[12511, -12471], tl=662, v=false]
[02:13:46] [Server thread/WARN]: [ca.spottedleaf.moonrise.patches.chunk_system.level.entity.EntityLookup] Entity uuid already exists: 72332c6a-cac9-471d-b71f-ead0e06e493d, mapped to Creeper['Creeper'/555, uuid='72332c6a-cac9-471d-b71f-ead0e06e493d', l='ServerLevel[world]', x=200176.57, y=-8.00, z=-199517.82, cpos=[12511, -12470], tl=286, v=true], can't add Creeper['Creeper'/575, uuid='72332c6a-cac9-471d-b71f-ead0e06e493d', l='ServerLevel[world]', x=200178.29, y=-8.83, z=-199520.67, cpos=[12511, -12471], tl=119, v=false]
[02:13:46] [Server thread/WARN]: [ca.spottedleaf.moonrise.patches.chunk_system.level.entity.EntityLookup] Entity uuid already exists: d0542422-13ea-44d7-9c6d-45257cf2d0a6, mapped to Creeper['Creeper'/647, uuid='d0542422-13ea-44d7-9c6d-45257cf2d0a6', l='ServerLevel[world]', x=200152.17, y=8.00, z=-199599.57, cpos=[12509, -12475], tl=132, v=true], can't add Creeper['Creeper'/667, uuid='d0542422-13ea-44d7-9c6d-45257cf2d0a6', l='ServerLevel[world]', x=200149.46, y=8.00, z=-199600.71, cpos=[12509, -12476], tl=78, v=false]
[02:13:47] [Server thread/INFO]:  coca_cola_humana joined the game
[02:13:47] [Server thread/INFO]: coca_cola_humana[/127.212.227.152:34187] logged in with entity id 533 at ([world]200159.46135350244, -21.0, -199519.70007454962)
[02:16:23] [Server thread/INFO]: Salchipoio issued server command: /effect give Salchipoio minecraft:regeneration infinite 2
[02:16:23] [Server thread/INFO]: [ Salchipoio: Applied effect Regeneration to  Salchipoio]
[02:17:38] [Server thread/INFO]:  Salchipoio has made the advancement [Lighten Up]
[02:18:56] [Server thread/INFO]: Salchipoio issued server command: /tp coca_cola_humana
[02:18:56] [Server thread/INFO]: [ Salchipoio: Teleported  Salchipoio to  coca_cola_humana]
[02:24:14] [Server thread/INFO]: Salchipoio lost connection: Disconnected
[02:24:14] [Server thread/INFO]:  Salchipoio left the game
[02:29:14] [Server thread/INFO]:  coca_cola_humana has made the advancement [Under Lock and Key]
